Copyright 1986-2016 Xilinx, Inc. All Rights Reserved.
---------------------------------------------------------------------------------------
| Tool Version : Vivado v.2016.4 (win64) Build 1756540 Mon Jan 23 19:11:23 MST 2017
| Date         : Wed Dec 23 21:23:01 2020
| Host         : LAPTOP-TOHVF931 running 64-bit major release  (build 9200)
| Command      : report_control_sets -verbose -file top_module_control_sets_placed.rpt
| Design       : top_module
| Device       : xc7a35t
---------------------------------------------------------------------------------------

Control Set Information

Table of Contents
-----------------
1. Summary
2. Flip-Flop Distribution
3. Detailed Control Set Information

1. Summary
----------

+----------------------------------------------------------+-------+
|                          Status                          | Count |
+----------------------------------------------------------+-------+
| Number of unique control sets                            |    11 |
| Unused register locations in slices containing registers |    35 |
+----------------------------------------------------------+-------+


2. Flip-Flop Distribution
-------------------------

+--------------+-----------------------+------------------------+-----------------+--------------+
| Clock Enable | Synchronous Set/Reset | Asynchronous Set/Reset | Total Registers | Total Slices |
+--------------+-----------------------+------------------------+-----------------+--------------+
| No           | No                    | No                     |              75 |           23 |
| No           | No                    | Yes                    |               1 |            1 |
| No           | Yes                   | No                     |              32 |            8 |
| Yes          | No                    | No                     |             103 |           43 |
| Yes          | No                    | Yes                    |               0 |            0 |
| Yes          | Yes                   | No                     |              66 |           23 |
+--------------+-----------------------+------------------------+-----------------+--------------+


3. Detailed Control Set Information
-----------------------------------

+----------------+----------------------------------------+---------------------------+------------------+----------------+
|  Clock Signal  |              Enable Signal             |      Set/Reset Signal     | Slice Load Count | Bel Load Count |
+----------------+----------------------------------------+---------------------------+------------------+----------------+
|  clk_IBUF_BUFG |                                        | servo_reset_IBUF          |                1 |              1 |
|  clk_IBUF_BUFG | RS1/trigger_i_2_n_0                    | RS1/trigger_reg_i_1_n_1   |                1 |              1 |
|  clk_IBUF_BUFG | RS2/trigger2_i_2_n_0                   | RS2/trigger2_reg_i_1_n_1  |                1 |              1 |
|  clk_IBUF_BUFG | Servo_module/pwm0                      |                           |                6 |             18 |
|  clk_IBUF_BUFG | Servo_module/period_counter[0]_i_1_n_0 |                           |                6 |             21 |
|  clk_IBUF_BUFG |                                        | Counter1/clear            |                8 |             32 |
|  clk_IBUF_BUFG | RS1/distance1[31]_i_1_n_0              |                           |               17 |             32 |
|  clk_IBUF_BUFG | RS2/distance2[31]_i_1_n_0              |                           |               14 |             32 |
|  clk_IBUF_BUFG | echo2_IBUF                             | RS2/distance2[31]_i_1_n_0 |               12 |             32 |
|  clk_IBUF_BUFG | echo_IBUF                              | RS1/distance1[31]_i_1_n_0 |                9 |             32 |
|  clk_IBUF_BUFG |                                        |                           |               23 |             75 |
+----------------+----------------------------------------+---------------------------+------------------+----------------+


+--------+-----------------------+
| Fanout | Number of ControlSets |
+--------+-----------------------+
| 1      |                     3 |
| 16+    |                     8 |
+--------+-----------------------+


