#-----------------------------------------------------------
# Vivado v2016.4 (64-bit)
# SW Build 1756540 on Mon Jan 23 19:11:23 MST 2017
# IP Build 1755317 on Mon Jan 23 20:30:07 MST 2017
# Start of session at: Wed Feb 17 20:26:33 2021
# Process ID: 11156
# Current directory: C:/Users/asus/Desktop/20-21 fall/project_proje
# Command line: vivado.exe -gui_launcher_event rodinguilauncherevent23472 C:\Users\asus\Desktop\20-21 fall\project_proje\project_proje.xpr
# Log file: C:/Users/asus/Desktop/20-21 fall/project_proje/vivado.log
# Journal file: C:/Users/asus/Desktop/20-21 fall/project_proje\vivado.jou
#-----------------------------------------------------------
start_gui
open_project {C:/Users/asus/Desktop/20-21 fall/project_proje/project_proje.xpr}
INFO: [Project 1-313] Project file moved from 'C:/Users/asus/Desktop/project_proje' since last save.
Scanning sources...
Finished scanning sources
INFO: [IP_Flow 19-234] Refreshing IP repositories
INFO: [IP_Flow 19-1704] No user IP repositories specified
INFO: [IP_Flow 19-2313] Loaded Vivado IP repository 'C:/Xilinx/Vivado/2016.4/data/ip'.
open_project: Time (s): cpu = 00:00:07 ; elapsed = 00:00:05 . Memory (MB): peak = 779.543 ; gain = 100.684
exit
INFO: [Common 17-206] Exiting Vivado at Wed Feb 17 20:30:23 2021...
